This file contains any messages produced by compilers while
running configure, to aid debugging if configure makes a mistake.

configure:760: checking for a BSD compatible install
configure:813: checking whether build environment is sane
configure:870: checking whether make sets ${MAKE}
configure:909: checking for working aclocal-1.4
configure:922: checking for working autoconf
configure:935: checking for working automake-1.4
configure:948: checking for working autoheader
configure:961: checking for working makeinfo
configure:975: checking whether to enable maintainer-specific portions of Makefiles
configure:1005: checking host system type
configure:1037: checking for Cygwin environment
configure:1070: checking for mingw32 environment
configure:1099: checking how to run the C preprocessor
configure:1248: checking build system type
configure:1268: checking for gcc
configure:1381: checking whether the C compiler (gcc  ) works
configure:1397: gcc -o conftest    conftest.c  1>&5
configure:1423: checking whether the C compiler (gcc  ) is a cross-compiler
configure:1428: checking whether we are using GNU C
configure:1456: checking whether gcc accepts -g
configure:1499: checking for ld used by GCC
configure:1567: checking if the linker (/usr/bin/ld) is GNU ld
configure:1584: checking for /usr/bin/ld option to reload object files
configure:1596: checking for BSD-compatible nm
configure:1634: checking for a sed that does not truncate output
configure:1718: checking whether ln -s works
configure:1739: checking how to recognise dependent libraries
configure:1925: checking for object suffix
configure:1951: checking for executable suffix
configure:1992: checking command to parse /usr/bin/nm -B output
configure:2178: checking for dlfcn.h
configure:2357: checking for ranlib
configure:2424: checking for strip
configure:2526: gcc -c -g -O2  conftest.c 1>&5
configure:2681: checking for objdir
configure:2708: checking for gcc option to produce PIC
configure:2856: checking if gcc PIC flag                        -fPIC works
configure:2922: checking if gcc static flag -static works
configure:2964: checking if gcc supports -c -o file.o
configure:3012: checking if gcc supports -c -o file.lo
configure:3080: checking if gcc supports -fno-rtti -fno-exceptions
configure:3093: gcc -c -g -O2 -fno-rtti -fno-exceptions -c conftest.c  conftest.c 1>&5
configure:3120: checking whether the linker (/usr/bin/ld) supports shared libraries
configure:3819: checking how to hardcode library paths into programs
configure:3847: checking whether stripping libraries is possible
configure:3861: checking dynamic linker characteristics
configure:4279: checking if libtool supports shared libraries
configure:4283: checking whether to build shared libraries
configure:4306: checking whether to build static libraries
configure:4842: checking whether -lc should be explicitly linked in
configure:5448: checking whether byte ordering is bigendian
configure:5541: checking for sys/soundcard.h
configure:5541: checking for sys/audioio.h
configure:5596: checking for libogg
tried NONE
tried /usr/lib/ogg/lib
configure:5694: checking for sin in -lm
configure:5741: checking for getopt_long in -lgnugetopt
