This file contains any messages produced by compilers while
running configure, to aid debugging if configure makes a mistake.

It was created by configure, which was
generated by GNU Autoconf 2.57.  Invocation command line was

  $ ./configure 

## --------- ##
## Platform. ##
## --------- ##

hostname = grok.yi.org
uname -m = i686
uname -r = 2.4.20-20.9smp
uname -s = Linux
uname -v = #1 SMP Mon Aug 18 11:18:01 EDT 2003

/usr/bin/uname -p = unknown
/bin/uname -X     = unknown

/bin/arch              = i686
/usr/bin/arch -k       = unknown
/usr/convex/getsysinfo = unknown
hostinfo               = unknown
/bin/machine           = unknown
/usr/bin/oslevel       = unknown
/bin/universe          = unknown

PATH: /home/greear/btbits/btbits/l4libs/vocal/sip/gua/../../build/../tools
PATH: /home/greear/btbits/btbits/l4libs/vocal/build/../tools
PATH: /usr/kerberos/bin
PATH: /usr/local/bin
PATH: /bin
PATH: /usr/bin
PATH: /usr/X11R6/bin
PATH: /sbin
PATH: /usr/sbin
PATH: /home/greear/Intrinsyc/bin
PATH: /usr/local/OpenOffice.org1.0/program
PATH: /home/greear/bin
PATH: /usr/local/jdk/bin
PATH: /usr/local/bin
PATH: /usr/local/netscape
PATH: ./
PATH: /usr/local/graphviz/bin
PATH: /home/greear/bin/Office51/bin
PATH: /sbin
PATH: /usr/sbin
PATH: /home/greear/Intrinsyc/bin
PATH: /usr/local/OpenOffice.org1.0/program
PATH: /sbin
PATH: /usr/sbin
PATH: /home/greear/Intrinsyc/bin
PATH: /usr/local/OpenOffice.org1.0/program
PATH: /sbin
PATH: /usr/sbin
PATH: /home/greear/Intrinsyc/bin
PATH: /usr/local/OpenOffice.org1.0/program
PATH: /sbin
PATH: /usr/sbin
PATH: /home/greear/Intrinsyc/bin
PATH: /usr/local/OpenOffice.org1.0/program


## ----------- ##
## Core tests. ##
## ----------- ##

configure:1273: checking for a BSD-compatible install
configure:1327: result: /usr/bin/install -c
configure:1338: checking whether build environment is sane
configure:1381: result: yes
configure:1414: checking for gawk
configure:1430: found /bin/gawk
configure:1440: result: gawk
configure:1450: checking whether make sets $(MAKE)
configure:1470: result: yes
configure:1642: checking for style of include used by make
configure:1670: result: GNU
configure:1741: checking for gcc
configure:1757: found /usr/bin/gcc
configure:1767: result: gcc
configure:2011: checking for C compiler version
configure:2014: gcc --version </dev/null >&5
gcc (GCC) 3.2.2 20030222 (Red Hat Linux 3.2.2-5)
Copyright (C) 2002 Free Software Foundation, Inc.
This is free software; see the source for copying conditions.  There is NO
warranty; not even for MERCHANTABILITY or FITNESS FOR A PARTICULAR PURPOSE.

configure:2017: $? = 0
configure:2019: gcc -v </dev/null >&5
Reading specs from /usr/lib/gcc-lib/i386-redhat-linux/3.2.2/specs
Configured with: ../configure --prefix=/usr --mandir=/usr/share/man --infodir=/usr/share/info --enable-shared --enable-threads=posix --disable-checking --with-system-zlib --enable-__cxa_atexit --host=i386-redhat-linux
Thread model: posix
gcc version 3.2.2 20030222 (Red Hat Linux 3.2.2-5)
configure:2022: $? = 0
configure:2024: gcc -V </dev/null >&5
gcc: argument to `-V' is missing
configure:2027: $? = 1
configure:2051: checking for C compiler default output
configure:2054: gcc    conftest.c  >&5
configure:2057: $? = 0
configure:2103: result: a.out
configure:2108: checking whether the C compiler works
configure:2114: ./a.out
configure:2117: $? = 0
configure:2134: result: yes
configure:2141: checking whether we are cross compiling
configure:2143: result: no
configure:2146: checking for suffix of executables
configure:2148: gcc -o conftest    conftest.c  >&5
configure:2151: $? = 0
configure:2176: result: 
configure:2182: checking for suffix of object files
configure:2204: gcc -c   conftest.c >&5
configure:2207: $? = 0
configure:2229: result: o
configure:2233: checking whether we are using the GNU C compiler
configure:2258: gcc -c   conftest.c >&5
configure:2261: $? = 0
configure:2264: test -s conftest.o
configure:2267: $? = 0
configure:2280: result: yes
configure:2286: checking whether gcc accepts -g
configure:2308: gcc -c -g  conftest.c >&5
configure:2311: $? = 0
configure:2314: test -s conftest.o
configure:2317: $? = 0
configure:2328: result: yes
configure:2345: checking for gcc option to accept ANSI C
configure:2406: gcc  -c -g -O2  conftest.c >&5
configure:2409: $? = 0
configure:2412: test -s conftest.o
configure:2415: $? = 0
configure:2433: result: none needed
configure:2451: gcc -c -g -O2  conftest.c >&5
conftest.c:2: parse error before "me"
configure:2454: $? = 1
configure: failed program was:
| #ifndef __cplusplus
|   choke me
| #endif
configure:2565: checking dependency style of gcc
configure:2627: result: gcc3
configure:2634: checking for strerror in -lcposix
configure:2665: gcc -o conftest -g -O2   conftest.c -lcposix   >&5
/usr/bin/ld: cannot find -lcposix
collect2: ld returned 1 exit status
configure:2668: $? = 1
configure: failed program was:
| #line 2641 "configure"
| /* confdefs.h.  */
| 
| #define PACKAGE_NAME ""
| #define PACKAGE_TARNAME ""
| #define PACKAGE_VERSION ""
| #define PACKAGE_STRING ""
| #define PACKAGE_BUGREPORT ""
| #define PACKAGE "sipset"
| #define VERSION "0.1"
| /* end confdefs.h.  */
| 
| /* Override any gcc2 internal prototype to avoid an error.  */
| #ifdef __cplusplus
| extern "C"
| #endif
| /* We use char because int might match the return type of a gcc2
|    builtin and then its argument prototype would still apply.  */
| char strerror ();
| int
| main ()
| {
| strerror ();
|   ;
|   return 0;
| }
configure:2686: result: no
configure:2740: checking for gcc
configure:2766: result: gcc
configure:3010: checking for C compiler version
configure:3013: gcc --version </dev/null >&5
gcc (GCC) 3.2.2 20030222 (Red Hat Linux 3.2.2-5)
Copyright (C) 2002 Free Software Foundation, Inc.
This is free software; see the source for copying conditions.  There is NO
warranty; not even for MERCHANTABILITY or FITNESS FOR A PARTICULAR PURPOSE.

configure:3016: $? = 0
configure:3018: gcc -v </dev/null >&5
Reading specs from /usr/lib/gcc-lib/i386-redhat-linux/3.2.2/specs
Configured with: ../configure --prefix=/usr --mandir=/usr/share/man --infodir=/usr/share/info --enable-shared --enable-threads=posix --disable-checking --with-system-zlib --enable-__cxa_atexit --host=i386-redhat-linux
Thread model: posix
gcc version 3.2.2 20030222 (Red Hat Linux 3.2.2-5)
configure:3021: $? = 0
configure:3023: gcc -V </dev/null >&5
gcc: argument to `-V' is missing
configure:3026: $? = 1
configure:3029: checking whether we are using the GNU C compiler
configure:3076: result: yes
configure:3082: checking whether gcc accepts -g
configure:3124: result: yes
configure:3141: checking for gcc option to accept ANSI C
configure:3229: result: none needed
configure:3247: gcc -c -g -O2  conftest.c >&5
conftest.c:2: parse error before "me"
configure:3250: $? = 1
configure: failed program was:
| #ifndef __cplusplus
|   choke me
| #endif
configure:3361: checking dependency style of gcc
configure:3423: result: gcc3
configure:3431: checking for gcc option to accept ANSI C
configure:3495: gcc  -c -g -O2  conftest.c >&5
configure:3498: $? = 0
configure:3501: test -s conftest.o
configure:3504: $? = 0
configure:3519: result: none needed
configure:3535: checking how to run the C preprocessor
configure:3571: gcc -E  conftest.c
configure:3577: $? = 0
configure:3609: gcc -E  conftest.c
configure:3610:28: ac_nonexistent.h: No such file or directory
configure:3615: $? = 1
configure: failed program was:
| #line 3600 "configure"
| /* confdefs.h.  */
| 
| #define PACKAGE_NAME ""
| #define PACKAGE_TARNAME ""
| #define PACKAGE_VERSION ""
| #define PACKAGE_STRING ""
| #define PACKAGE_BUGREPORT ""
| #define PACKAGE "sipset"
| #define VERSION "0.1"
| /* end confdefs.h.  */
| #include <ac_nonexistent.h>
configure:3653: result: gcc -E
configure:3678: gcc -E  conftest.c
configure:3684: $? = 0
configure:3716: gcc -E  conftest.c
configure:3717:28: ac_nonexistent.h: No such file or directory
configure:3722: $? = 1
configure: failed program was:
| #line 3707 "configure"
| /* confdefs.h.  */
| 
| #define PACKAGE_NAME ""
| #define PACKAGE_TARNAME ""
| #define PACKAGE_VERSION ""
| #define PACKAGE_STRING ""
| #define PACKAGE_BUGREPORT ""
| #define PACKAGE "sipset"
| #define VERSION "0.1"
| /* end confdefs.h.  */
| #include <ac_nonexistent.h>
configure:3765: checking for egrep
configure:3775: result: grep -E
configure:3780: checking for ANSI C header files
configure:3806: gcc -c -g -O2  conftest.c >&5
configure:3809: $? = 0
configure:3812: test -s conftest.o
configure:3815: $? = 0
configure:3904: gcc -o conftest -g -O2   conftest.c  >&5
configure:3907: $? = 0
configure:3909: ./conftest
configure:3912: $? = 0
configure:3927: result: yes
configure:3986: checking for gtk-config
configure:4004: found /usr/bin/gtk-config
configure:4017: result: /usr/bin/gtk-config
configure:4025: checking for GTK - version >= 1.2.0
configure:4132: gcc -o conftest -g -O2 -I/usr/include/gtk-1.2 -I/usr/include/glib-1.2 -I/usr/lib/glib/include -I/usr/X11R6/include   conftest.c -L/usr/lib -L/usr/X11R6/lib -lgtk -lgdk -rdynamic -lgmodule -lglib -ldl -lXi -lXext -lX11 -lm  >&5
configure:4135: $? = 0
configure:4137: ./conftest
configure:4140: $? = 0
configure:4158: result: yes
configure:4395: creating ./config.status

## ---------------------- ##
## Running config.status. ##
## ---------------------- ##

This file was extended by config.status, which was
generated by GNU Autoconf 2.57.  Invocation command line was

  CONFIG_FILES    = 
  CONFIG_HEADERS  = 
  CONFIG_LINKS    = 
  CONFIG_COMMANDS = 
  $ ./config.status 

on grok.yi.org

config.status:652: creating Makefile
config.status:652: creating src/Makefile
config.status:756: creating config.h
config.status:849: config.h is unchanged
config.status:955: executing depfiles commands

## ---------------- ##
## Cache variables. ##
## ---------------- ##

ac_cv_c_compiler_gnu=yes
ac_cv_env_CC_set=
ac_cv_env_CC_value=
ac_cv_env_CFLAGS_set=
ac_cv_env_CFLAGS_value=
ac_cv_env_CPPFLAGS_set=
ac_cv_env_CPPFLAGS_value=
ac_cv_env_CPP_set=
ac_cv_env_CPP_value=
ac_cv_env_LDFLAGS_set=
ac_cv_env_LDFLAGS_value=
ac_cv_env_build_alias_set=
ac_cv_env_build_alias_value=
ac_cv_env_host_alias_set=
ac_cv_env_host_alias_value=
ac_cv_env_target_alias_set=
ac_cv_env_target_alias_value=
ac_cv_exeext=
ac_cv_header_stdc=yes
ac_cv_lib_cposix_strerror=no
ac_cv_objext=o
ac_cv_path_GTK_CONFIG=/usr/bin/gtk-config
ac_cv_path_install='/usr/bin/install -c'
ac_cv_prog_AWK=gawk
ac_cv_prog_CPP='gcc -E'
ac_cv_prog_ac_ct_CC=gcc
ac_cv_prog_cc_g=yes
ac_cv_prog_cc_stdc=
ac_cv_prog_egrep='grep -E'
ac_cv_prog_make_make_set=yes
am_cv_CC_dependencies_compiler_type=gcc3
am_cv_prog_cc_stdc=

## ----------------- ##
## Output variables. ##
## ----------------- ##

ACLOCAL='${SHELL} /home/greear/btbits/btbits/l4libs/vocal/sip/gua/gui/missing --run aclocal-1.6'
AMDEPBACKSLASH='\'
AMDEP_FALSE='#'
AMDEP_TRUE=''
AMTAR='${SHELL} /home/greear/btbits/btbits/l4libs/vocal/sip/gua/gui/missing --run tar'
AUTOCONF='${SHELL} /home/greear/btbits/btbits/l4libs/vocal/sip/gua/gui/missing --run autoconf'
AUTOHEADER='${SHELL} /home/greear/btbits/btbits/l4libs/vocal/sip/gua/gui/missing --run autoheader'
AUTOMAKE='${SHELL} /home/greear/btbits/btbits/l4libs/vocal/sip/gua/gui/missing --run automake-1.6'
AWK='gawk'
CC='gcc'
CCDEPMODE='depmode=gcc3'
CFLAGS='-g -O2 -Wall'
CPP='gcc -E'
CPPFLAGS=''
DEFS='-DHAVE_CONFIG_H'
DEPDIR='.deps'
ECHO_C=''
ECHO_N='-n'
ECHO_T=''
EGREP='grep -E'
EXEEXT=''
GTK_CFLAGS='-I/usr/include/gtk-1.2 -I/usr/include/glib-1.2 -I/usr/lib/glib/include -I/usr/X11R6/include'
GTK_CONFIG='/usr/bin/gtk-config'
GTK_LIBS='-L/usr/lib -L/usr/X11R6/lib -lgtk -lgdk -rdynamic -lgmodule -lglib -ldl -lXi -lXext -lX11 -lm'
INSTALL_DATA='${INSTALL} -m 644'
INSTALL_PROGRAM='${INSTALL}'
INSTALL_SCRIPT='${INSTALL}'
INSTALL_STRIP_PROGRAM='${SHELL} $(install_sh) -c -s'
LDFLAGS=''
LIBOBJS=''
LIBS=''
LTLIBOBJS=''
MAKEINFO='${SHELL} /home/greear/btbits/btbits/l4libs/vocal/sip/gua/gui/missing --run makeinfo'
OBJEXT='o'
PACKAGE='sipset'
PACKAGE_BUGREPORT=''
PACKAGE_NAME=''
PACKAGE_STRING=''
PACKAGE_TARNAME=''
PACKAGE_VERSION=''
PATH_SEPARATOR=':'
SET_MAKE=''
SHELL='/bin/sh'
STRIP=''
VERSION='0.1'
ac_ct_CC='gcc'
ac_ct_STRIP=''
am__include='include'
am__quote=''
bindir='${exec_prefix}/bin'
build_alias=''
datadir='${prefix}/share'
exec_prefix='${prefix}'
host_alias=''
includedir='${prefix}/include'
infodir='${prefix}/info'
install_sh='/home/greear/btbits/btbits/l4libs/vocal/sip/gua/gui/install-sh'
libdir='${exec_prefix}/lib'
libexecdir='${exec_prefix}/libexec'
localstatedir='${prefix}/var'
mandir='${prefix}/man'
oldincludedir='/usr/include'
prefix='/usr/local'
program_transform_name='s,x,x,'
sbindir='${exec_prefix}/sbin'
sharedstatedir='${prefix}/com'
sysconfdir='${prefix}/etc'
target_alias=''

## ----------- ##
## confdefs.h. ##
## ----------- ##

#define PACKAGE "sipset"
#define PACKAGE_BUGREPORT ""
#define PACKAGE_DATA_DIR "/usr/local/share/sipset"
#define PACKAGE_LOCALE_DIR "/usr/local//locale"
#define PACKAGE_NAME ""
#define PACKAGE_SOURCE_DIR "/home/greear/btbits/btbits/l4libs/vocal/sip/gua/gui"
#define PACKAGE_STRING ""
#define PACKAGE_TARNAME ""
#define PACKAGE_VERSION ""
#define STDC_HEADERS 1
#define VERSION "0.1"

configure: exit 0
